#
# There is insufficient memory for the Java Runtime Environment to continue.
# Native memory allocation (mmap) failed to map 257949696 bytes for G1 virtual space
# Possible reasons:
#   The system is out of physical RAM or swap space
#   The process is running with CompressedOops enabled, and the Java Heap may be blocking the growth of the native heap
# Possible solutions:
#   Reduce memory load on the system
#   Increase physical memory or swap space
#   Check if swap backing store is full
#   Decrease Java heap size (-Xmx/-Xms)
#   Decrease number of Java threads
#   Decrease Java thread stack sizes (-Xss)
#   Set larger code cache with -XX:ReservedCodeCacheSize=
#   JVM is running with Zero Based Compressed Oops mode in which the Java heap is
#     placed in the first 32GB address space. The Java Heap base address is the
#     maximum limit for the native heap growth. Please use -XX:HeapBaseMinAddress
#     to set the Java Heap base and to place the Java Heap above 32GB virtual address.
# This output file may be truncated or incomplete.
#
#  Out of Memory Error (os_windows.cpp:3769), pid=18084, tid=11248
#
# JRE version:  (17.0.6) (build )
# Java VM: OpenJDK 64-Bit Server VM (17.0.6+0-b2043.56-9586694, mixed mode, sharing, tiered, compressed oops, compressed class ptrs, g1 gc, windows-amd64)
# No core dump will be written. Minidumps are not enabled by default on client versions of Windows
#

---------------  S U M M A R Y ------------

Command Line: git4idea.http.GitAskPassApp Username for 'https://github.com': 

Host: AMD Ryzen 5 4500U with Radeon Graphics         , 6 cores, 15G,  Windows 10 , 64 bit Build 19041 (10.0.19041.2913)
Time: Thu May 11 12:35:46 2023  Windows 10 , 64 bit Build 19041 (10.0.19041.2913) elapsed time: 0.009443 seconds (0d 0h 0m 0s)

---------------  T H R E A D  ---------------

Current thread (0x0000024213c42ad0):  JavaThread "Unknown thread" [_thread_in_vm, id=11248, stack(0x000000ea8d300000,0x000000ea8d400000)]

Stack: [0x000000ea8d300000,0x000000ea8d400000]
Native frames: (J=compiled Java code, j=interpreted, Vv=VM code, C=native code)
V  [jvm.dll+0x683b4a]
V  [jvm.dll+0x842654]
V  [jvm.dll+0x843dfe]
V  [jvm.dll+0x844463]
V  [jvm.dll+0x249b75]
V  [jvm.dll+0x680a19]
V  [jvm.dll+0x674f0a]
V  [jvm.dll+0x309acb]
V  [jvm.dll+0x310f86]
V  [jvm.dll+0x3608ee]
V  [jvm.dll+0x360b1f]
V  [jvm.dll+0x2dfbf8]
V  [jvm.dll+0x2e0b64]
V  [jvm.dll+0x813f41]
V  [jvm.dll+0x36e6a1]
V  [jvm.dll+0x7f347c]
V  [jvm.dll+0x3f0e8f]
V  [jvm.dll+0x3f29d1]
C  [jli.dll+0x526b]
C  [ucrtbase.dll+0x21bb2]
C  [KERNEL32.DLL+0x17614]
C  [ntdll.dll+0x526a1]


---------------  P R O C E S S  ---------------

Threads class SMR info:
_java_thread_list=0x00007ffe43b1c058, length=0, elements={
}

Java Threads: ( => current thread )

Other Threads:
  0x0000024213cad810 GCTaskThread "GC Thread#0" [stack: 0x000000ea8d400000,0x000000ea8d500000] [id=13988]
  0x0000024213cbdd50 ConcurrentGCThread "G1 Main Marker" [stack: 0x000000ea8d500000,0x000000ea8d600000] [id=18180]
  0x0000024213cbe760 ConcurrentGCThread "G1 Conc#0" [stack: 0x000000ea8d600000,0x000000ea8d700000] [id=18144]

[error occurred during error reporting (printing all threads), id 0xc0000005, EXCEPTION_ACCESS_VIOLATION (0xc0000005) at pc=0x00007ffe432d0797]

VM state: not at safepoint (not fully initialized)

VM Mutex/Monitor currently owned by a thread:  ([mutex/lock_event])
[0x0000024213c3ee00] Heap_lock - owner thread: 0x0000024213c42ad0

Heap address: 0x000000070a000000, size: 3936 MB, Compressed Oops mode: Zero based, Oop shift amount: 3

CDS archive(s) mapped at: [0x0000000000000000-0x0000000000000000-0x0000000000000000), size 0, SharedBaseAddress: 0x0000000800000000, ArchiveRelocationMode: 0.
Narrow klass base: 0x0000000000000000, Narrow klass shift: 0, Narrow klass range: 0x0

GC Precious Log:
<Empty>

Heap:
 garbage-first heap   total 0K, used 0K [0x000000070a000000, 0x0000000800000000)
  region size 2048K, 0 young (0K), 0 survivors (0K)

[error occurred during error reporting (printing heap information), id 0xc0000005, EXCEPTION_ACCESS_VIOLATION (0xc0000005) at pc=0x00007ffe436bd939]

GC Heap History (0 events):
No events

Dll operation events (1 events):
Event: 0.005 Loaded shared library D:\Program Files\Android\Android Studio\jbr\bin\java.dll

Deoptimization events (0 events):
No events

Classes unloaded (0 events):
No events

Classes redefined (0 events):
No events

Internal exceptions (0 events):
No events

VM Operations (0 events):
No events

Events (0 events):
No events


Dynamic libraries:
0x00007ff7a00e0000 - 0x00007ff7a00ea000 	D:\Program Files\Android\Android Studio\jbr\bin\java.exe
0x00007ffe9d090000 - 0x00007ffe9d288000 	C:\Windows\SYSTEM32\ntdll.dll
0x00007ffe9c330000 - 0x00007ffe9c3ef000 	C:\Windows\System32\KERNEL32.DLL
0x00007ffe9abf0000 - 0x00007ffe9aee6000 	C:\Windows\System32\KERNELBASE.dll
0x00007ffe9a940000 - 0x00007ffe9aa40000 	C:\Windows\System32\ucrtbase.dll
0x00007ffe969f0000 - 0x00007ffe96a07000 	D:\Program Files\Android\Android Studio\jbr\bin\jli.dll
0x00007ffe88df0000 - 0x00007ffe88e0b000 	D:\Program Files\Android\Android Studio\jbr\bin\VCRUNTIME140.dll
0x00007ffe9b2c0000 - 0x00007ffe9b45d000 	C:\Windows\System32\USER32.dll
0x00007ffe9a7f0000 - 0x00007ffe9a812000 	C:\Windows\System32\win32u.dll
0x00007ffe9ce10000 - 0x00007ffe9ce3c000 	C:\Windows\System32\GDI32.dll
0x00007ffe9aa40000 - 0x00007ffe9ab55000 	C:\Windows\System32\gdi32full.dll
0x00007ffe89dd0000 - 0x00007ffe8a06a000 	C:\Windows\WinSxS\amd64_microsoft.windows.common-controls_6595b64144ccf1df_6.0.19041.1110_none_60b5254171f9507e\COMCTL32.dll
0x00007ffe9b050000 - 0x00007ffe9b0ed000 	C:\Windows\System32\msvcp_win.dll
0x00007ffe9b0f0000 - 0x00007ffe9b18e000 	C:\Windows\System32\msvcrt.dll
0x00007ffe9c400000 - 0x00007ffe9c430000 	C:\Windows\System32\IMM32.DLL
0x00007ffe96a40000 - 0x00007ffe96a4c000 	D:\Program Files\Android\Android Studio\jbr\bin\vcruntime140_1.dll
0x00007ffe6fd80000 - 0x00007ffe6fe0d000 	D:\Program Files\Android\Android Studio\jbr\bin\msvcp140.dll
0x00007ffe42fe0000 - 0x00007ffe43c4d000 	D:\Program Files\Android\Android Studio\jbr\bin\server\jvm.dll
0x00007ffe9c430000 - 0x00007ffe9c4df000 	C:\Windows\System32\ADVAPI32.dll
0x00007ffe9cd10000 - 0x00007ffe9cdac000 	C:\Windows\System32\sechost.dll
0x00007ffe9cbe0000 - 0x00007ffe9cd06000 	C:\Windows\System32\RPCRT4.dll
0x00007ffe97880000 - 0x00007ffe978a7000 	C:\Windows\SYSTEM32\WINMM.dll
0x00007ffe8e860000 - 0x00007ffe8e86a000 	C:\Windows\SYSTEM32\VERSION.dll
0x00007ffe7fe40000 - 0x00007ffe7fe49000 	C:\Windows\SYSTEM32\WSOCK32.dll
0x00007ffe9c760000 - 0x00007ffe9c7cb000 	C:\Windows\System32\WS2_32.dll
0x00007ffe98fc0000 - 0x00007ffe98fd2000 	C:\Windows\SYSTEM32\kernel.appcore.dll
0x00007ffe969e0000 - 0x00007ffe969ea000 	D:\Program Files\Android\Android Studio\jbr\bin\jimage.dll
0x00007ffe98820000 - 0x00007ffe98a04000 	C:\Windows\SYSTEM32\DBGHELP.DLL
0x00007ffe84100000 - 0x00007ffe84134000 	C:\Windows\SYSTEM32\dbgcore.DLL
0x00007ffe9ab60000 - 0x00007ffe9abe2000 	C:\Windows\System32\bcryptPrimitives.dll
0x00007ffe93fb0000 - 0x00007ffe93fd5000 	D:\Program Files\Android\Android Studio\jbr\bin\java.dll

dbghelp: loaded successfully - version: 4.0.5 - missing functions: none
symbol engine: initialized successfully - sym options: 0x614 - pdb path: .;D:\Program Files\Android\Android Studio\jbr\bin;C:\Windows\SYSTEM32;C:\Windows\WinSxS\amd64_microsoft.windows.common-controls_6595b64144ccf1df_6.0.19041.1110_none_60b5254171f9507e;D:\Program Files\Android\Android Studio\jbr\bin\server

VM Arguments:
java_command: git4idea.http.GitAskPassApp Username for 'https://github.com': 
java_class_path (initial): D:/Program Files/Android/Android Studio/plugins/git4idea/lib/git4idea-rt.jar;D:/Program Files/Android/Android Studio/lib/externalProcess-rt.jar;D:/Program Files/Android/Android Studio/lib/app.jar;D:/Program Files/Android/Android Studio/lib/3rd-party-rt.jar
Launcher Type: SUN_STANDARD

[Global flags]
     intx CICompilerCount                          = 3                                         {product} {ergonomic}
     uint ConcGCThreads                            = 2                                         {product} {ergonomic}
     uint G1ConcRefinementThreads                  = 6                                         {product} {ergonomic}
   size_t G1HeapRegionSize                         = 2097152                                   {product} {ergonomic}
    uintx GCDrainStackTargetSize                   = 64                                        {product} {ergonomic}
   size_t InitialHeapSize                          = 257949696                                 {product} {ergonomic}
   size_t MarkStackSize                            = 4194304                                   {product} {ergonomic}
   size_t MaxHeapSize                              = 4127195136                                {product} {ergonomic}
   size_t MinHeapDeltaBytes                        = 2097152                                   {product} {ergonomic}
   size_t MinHeapSize                              = 8388608                                   {product} {ergonomic}
    uintx NonNMethodCodeHeapSize                   = 5832780                                {pd product} {ergonomic}
    uintx NonProfiledCodeHeapSize                  = 122912730                              {pd product} {ergonomic}
    uintx ProfiledCodeHeapSize                     = 122912730                              {pd product} {ergonomic}
    uintx ReservedCodeCacheSize                    = 251658240                              {pd product} {ergonomic}
     bool SegmentedCodeCache                       = true                                      {product} {ergonomic}
   size_t SoftMaxHeapSize                          = 4127195136                             {manageable} {ergonomic}
     bool UseCompressedClassPointers               = true                           {product lp64_product} {ergonomic}
     bool UseCompressedOops                        = true                           {product lp64_product} {ergonomic}
     bool UseG1GC                                  = true                                      {product} {ergonomic}
     bool UseLargePagesIndividualAllocation        = false                                  {pd product} {ergonomic}

Logging:
Log output configuration:
 #0: stdout all=warning uptime,level,tags
 #1: stderr all=off uptime,level,tags

Environment Variables:
JAVA_HOME=D:\Program Files\Java\jdk-18.0.1.1
PATH=D:\ProgramData\Git\mingw64\libexec\git-core;D:\ProgramData\Git\mingw64\libexec\git-core;D:\ProgramData\Git\mingw64\bin;D:\ProgramData\Git\usr\bin;C:\Users\Administrator\bin;D:\ProgramData\Anaconda3;D:\ProgramData\Anaconda3\Library\mingw-w64\bin;D:\ProgramData\Anaconda3\Library\usr\bin;D:\ProgramData\Anaconda3\Library\bin;D:\ProgramData\Anaconda3\Scripts;C:\Program Files\Common Files\Oracle\Java\javapath;C:\Program Files (x86)\Common Files\Oracle\Java\javapath;C:\Program Files (x86)\Common Files\Intel\Shared Libraries\redist\intel64_win\mpirt;C:\Program Files (x86)\Common Files\Intel\Shared Libraries\redist\intel64_win\compiler;C:\Program Files (x86)\Common Files\Intel\Shared Libraries\redist\ia32_win\mpirt;C:\Program Files (x86)\Common Files\Intel\Shared Libraries\redist\ia32_win\compiler;C:\Windows\system32;C:\Windows;C:\Windows\System32\Wbem;C:\Windows\System32\WindowsPowerShell\v1.0;C:\Windows\System32\OpenSSH;C:\Program Files\MySQL\mysql-8.0.26-winx64\bin;E:\MATLAB\runtime\win64;E:\MATLAB\bin;C:\Program Files\dotnet;D:\Program Files\EasyShare\x86;D:\Program Files\EasyShare\x64;D:\Program Files\ffmpeg\bin;D:\Program Files\Java\jdk-18.0.1.1\bin;D:\Software\Android\AndroidSDK\tools;D:\Program Files\Tencent\WeChatwebDeveloper\dll;D:\Program Files\Dev-Cpp\MinGW64\bin;D:\Documents\Drivers\EdgeDriver;D:\Program Files\nodejs;C:\ProgramData\chocolatey\bin;D:\ProgramData\Git\cmd;D:\Program Files\WinSCP;D:\Program Files\Xshell 7;C:\Program Files\MATLAB\MATLAB Runtime\v95\runtime\win64;C:\Users\Administrator\AppData\Local\Programs\Python\Python311\Scripts;C:\Users\Administrator\AppData\Local\Programs\Python\Python311;C:\Users\Administrator\AppData\Local\Programs\Python\Python38\Scripts;C:\Users\Administrator\AppData\Local\Programs\Python\Python38;C:\Users\Administrator\AppData\Local\Microsoft\WindowsApps;D:\Program Files\Bandzip;D:\Program Files\JetBrains\PyCharm\PyCharm 2021.3\bin;D:\Program Files\iverilog\iverilog\bin;D:\Program Files\iverilog\iverilog\gtkwave\bin;D:\Pr
USERNAME=Administrator
DISPLAY=:0.0
LC_ALL=en_US.UTF-8
TERM=xterm-256color
TMPDIR=C:\Users\Administrator\AppData\Local\Temp
OS=Windows_NT
PROCESSOR_IDENTIFIER=AMD64 Family 23 Model 96 Stepping 1, AuthenticAMD
TMP=C:\Users\Administrator\AppData\Local\Temp
TEMP=C:\Users\Administrator\AppData\Local\Temp



---------------  S Y S T E M  ---------------

OS:
 Windows 10 , 64 bit Build 19041 (10.0.19041.2913)
OS uptime: 0 days 2:44 hours

CPU: total 6 (initial active 6) (6 cores per cpu, 1 threads per core) family 23 model 96 stepping 1 microcode 0x0, cx8, cmov, fxsr, mmx, 3dnowpref, sse, sse2, sse3, ssse3, sse4a, sse4.1, sse4.2, popcnt, lzcnt, tsc, tscinvbit, avx, avx2, aes, clmul, bmi1, bmi2, adx, sha, fma, vzeroupper, clflush, clflushopt

Memory: 4k page, system-wide physical 15741M (915M free)
TotalPageFile size 17021M (AvailPageFile size 47M)
current process WorkingSet (physical memory assigned to process): 10M, peak: 10M
current process commit charge ("private bytes"): 56M, peak: 302M

vm_info: OpenJDK 64-Bit Server VM (17.0.6+0-b2043.56-9586694) for windows-amd64 JRE (17.0.6+0-b2043.56-9586694), built on Feb  9 2023 20:06:20 by "androidbuild" with MS VC++ 16.10 / 16.11 (VS2019)

END.
